{"/Users/chenyuwang/react-native-robust-ws/example/react-native-robust-ws/index.ts": {"path":"/Users/chenyuwang/react-native-robust-ws/example/react-native-robust-ws/index.ts","statementMap":{"0":{"start":{"line":16,"column":55},"end":{"line":23,"column":1}},"1":{"start":{"line":41,"column":8},"end":{"line":41,"column":23}},"2":{"start":{"line":42,"column":8},"end":{"line":42,"column":37}},"3":{"start":{"line":60,"column":8},"end":{"line":60,"column":23}},"4":{"start":{"line":61,"column":8},"end":{"line":61,"column":75}},"5":{"start":{"line":62,"column":8},"end":{"line":62,"column":40}},"6":{"start":{"line":66,"column":8},"end":{"line":86,"column":11}},"7":{"start":{"line":67,"column":12},"end":{"line":85,"column":13}},"8":{"start":{"line":68,"column":16},"end":{"line":68,"column":26}},"9":{"start":{"line":70,"column":16},"end":{"line":70,"column":75}},"10":{"start":{"line":72,"column":16},"end":{"line":74,"column":17}},"11":{"start":{"line":73,"column":20},"end":{"line":73,"column":66}},"12":{"start":{"line":76,"column":16},"end":{"line":80,"column":51}},"13":{"start":{"line":77,"column":20},"end":{"line":79,"column":21}},"14":{"start":{"line":78,"column":24},"end":{"line":78,"column":57}},"15":{"start":{"line":81,"column":16},"end":{"line":83,"column":18}},"16":{"start":{"line":82,"column":20},"end":{"line":82,"column":30}},"17":{"start":{"line":90,"column":8},"end":{"line":97,"column":9}},"18":{"start":{"line":91,"column":12},"end":{"line":94,"column":13}},"19":{"start":{"line":92,"column":29},"end":{"line":92,"column":47}},"20":{"start":{"line":93,"column":16},"end":{"line":93,"column":39}},"21":{"start":{"line":96,"column":12},"end":{"line":96,"column":46}},"22":{"start":{"line":101,"column":8},"end":{"line":141,"column":10}},"23":{"start":{"line":102,"column":12},"end":{"line":105,"column":13}},"24":{"start":{"line":103,"column":16},"end":{"line":103,"column":103}},"25":{"start":{"line":104,"column":16},"end":{"line":104,"column":23}},"26":{"start":{"line":107,"column":12},"end":{"line":109,"column":13}},"27":{"start":{"line":108,"column":16},"end":{"line":108,"column":92}},"28":{"start":{"line":111,"column":28},"end":{"line":115,"column":13}},"29":{"start":{"line":112,"column":16},"end":{"line":112,"column":41}},"30":{"start":{"line":113,"column":16},"end":{"line":113,"column":43}},"31":{"start":{"line":114,"column":16},"end":{"line":114,"column":44}},"32":{"start":{"line":117,"column":12},"end":{"line":124,"column":14}},"33":{"start":{"line":118,"column":16},"end":{"line":123,"column":17}},"34":{"start":{"line":119,"column":20},"end":{"line":119,"column":30}},"35":{"start":{"line":120,"column":20},"end":{"line":120,"column":36}},"36":{"start":{"line":122,"column":20},"end":{"line":122,"column":59}},"37":{"start":{"line":126,"column":12},"end":{"line":129,"column":14}},"38":{"start":{"line":127,"column":16},"end":{"line":127,"column":26}},"39":{"start":{"line":128,"column":16},"end":{"line":128,"column":46}},"40":{"start":{"line":131,"column":33},"end":{"line":134,"column":39}},"41":{"start":{"line":132,"column":16},"end":{"line":132,"column":26}},"42":{"start":{"line":133,"column":16},"end":{"line":133,"column":48}},"43":{"start":{"line":136,"column":12},"end":{"line":140,"column":13}},"44":{"start":{"line":137,"column":16},"end":{"line":137,"column":26}},"45":{"start":{"line":138,"column":16},"end":{"line":138,"column":97}},"46":{"start":{"line":139,"column":16},"end":{"line":139,"column":23}},"47":{"start":{"line":145,"column":8},"end":{"line":147,"column":9}},"48":{"start":{"line":146,"column":12},"end":{"line":146,"column":90}},"49":{"start":{"line":149,"column":8},"end":{"line":151,"column":9}},"50":{"start":{"line":150,"column":12},"end":{"line":150,"column":91}},"51":{"start":{"line":153,"column":8},"end":{"line":153,"column":31}},"52":{"start":{"line":157,"column":8},"end":{"line":159,"column":9}},"53":{"start":{"line":158,"column":12},"end":{"line":158,"column":41}},"54":{"start":{"line":170,"column":8},"end":{"line":172,"column":9}},"55":{"start":{"line":171,"column":12},"end":{"line":171,"column":33}},"56":{"start":{"line":174,"column":28},"end":{"line":174,"column":29}},"57":{"start":{"line":175,"column":23},"end":{"line":175,"column":27}},"58":{"start":{"line":176,"column":24},"end":{"line":176,"column":43}},"59":{"start":{"line":178,"column":41},"end":{"line":186,"column":9}},"60":{"start":{"line":180,"column":16},"end":{"line":180,"column":58}},"61":{"start":{"line":180,"column":37},"end":{"line":180,"column":56}},"62":{"start":{"line":183,"column":16},"end":{"line":183,"column":59}},"63":{"start":{"line":183,"column":37},"end":{"line":183,"column":57}},"64":{"start":{"line":185,"column":30},"end":{"line":185,"column":50}},"65":{"start":{"line":188,"column":8},"end":{"line":188,"column":32}},"66":{"start":{"line":190,"column":27},"end":{"line":199,"column":9}},"67":{"start":{"line":191,"column":12},"end":{"line":198,"column":13}},"68":{"start":{"line":192,"column":16},"end":{"line":195,"column":17}},"69":{"start":{"line":193,"column":33},"end":{"line":193,"column":54}},"70":{"start":{"line":194,"column":20},"end":{"line":194,"column":27}},"71":{"start":{"line":197,"column":16},"end":{"line":197,"column":49}},"72":{"start":{"line":201,"column":30},"end":{"line":210,"column":9}},"73":{"start":{"line":202,"column":12},"end":{"line":209,"column":13}},"74":{"start":{"line":203,"column":16},"end":{"line":206,"column":17}},"75":{"start":{"line":204,"column":36},"end":{"line":204,"column":59}},"76":{"start":{"line":205,"column":20},"end":{"line":205,"column":70}},"77":{"start":{"line":208,"column":16},"end":{"line":208,"column":53}},"78":{"start":{"line":212,"column":27},"end":{"line":264,"column":9}},"79":{"start":{"line":214,"column":12},"end":{"line":263,"column":13}},"80":{"start":{"line":215,"column":16},"end":{"line":260,"column":17}},"81":{"start":{"line":216,"column":20},"end":{"line":259,"column":21}},"82":{"start":{"line":217,"column":24},"end":{"line":229,"column":25}},"83":{"start":{"line":218,"column":28},"end":{"line":218,"column":47}},"84":{"start":{"line":219,"column":28},"end":{"line":219,"column":53}},"85":{"start":{"line":220,"column":28},"end":{"line":220,"column":46}},"86":{"start":{"line":222,"column":28},"end":{"line":226,"column":31}},"87":{"start":{"line":232,"column":24},"end":{"line":232,"column":54}},"88":{"start":{"line":234,"column":24},"end":{"line":255,"column":25}},"89":{"start":{"line":235,"column":28},"end":{"line":241,"column":29}},"90":{"start":{"line":236,"column":32},"end":{"line":240,"column":33}},"91":{"start":{"line":237,"column":36},"end":{"line":237,"column":77}},"92":{"start":{"line":238,"column":36},"end":{"line":238,"column":67}},"93":{"start":{"line":239,"column":36},"end":{"line":239,"column":43}},"94":{"start":{"line":243,"column":28},"end":{"line":246,"column":29}},"95":{"start":{"line":244,"column":32},"end":{"line":244,"column":73}},"96":{"start":{"line":245,"column":32},"end":{"line":245,"column":49}},"97":{"start":{"line":248,"column":28},"end":{"line":248,"column":130}},"98":{"start":{"line":248,"column":57},"end":{"line":248,"column":128}},"99":{"start":{"line":249,"column":28},"end":{"line":252,"column":29}},"100":{"start":{"line":250,"column":32},"end":{"line":250,"column":63}},"101":{"start":{"line":251,"column":32},"end":{"line":251,"column":48}},"102":{"start":{"line":254,"column":28},"end":{"line":254,"column":36}},"103":{"start":{"line":257,"column":24},"end":{"line":257,"column":49}},"104":{"start":{"line":258,"column":24},"end":{"line":258,"column":47}},"105":{"start":{"line":262,"column":16},"end":{"line":262,"column":42}},"106":{"start":{"line":266,"column":8},"end":{"line":266,"column":21}},"107":{"start":{"line":267,"column":8},"end":{"line":267,"column":23}}},"fnMap":{"0":{"name":"(anonymous_0)","decl":{"start":{"line":40,"column":4},"end":{"line":40,"column":5}},"loc":{"start":{"line":40,"column":58},"end":{"line":43,"column":5}},"line":40},"1":{"name":"(anonymous_1)","decl":{"start":{"line":59,"column":4},"end":{"line":59,"column":5}},"loc":{"start":{"line":59,"column":56},"end":{"line":63,"column":5}},"line":59},"2":{"name":"(anonymous_2)","decl":{"start":{"line":65,"column":4},"end":{"line":65,"column":5}},"loc":{"start":{"line":65,"column":18},"end":{"line":87,"column":5}},"line":65},"3":{"name":"(anonymous_3)","decl":{"start":{"line":66,"column":33},"end":{"line":66,"column":34}},"loc":{"start":{"line":66,"column":54},"end":{"line":86,"column":9}},"line":66},"4":{"name":"(anonymous_4)","decl":{"start":{"line":76,"column":27},"end":{"line":76,"column":28}},"loc":{"start":{"line":76,"column":33},"end":{"line":80,"column":17}},"line":76},"5":{"name":"(anonymous_5)","decl":{"start":{"line":81,"column":34},"end":{"line":81,"column":35}},"loc":{"start":{"line":81,"column":40},"end":{"line":83,"column":17}},"line":81},"6":{"name":"(anonymous_6)","decl":{"start":{"line":89,"column":4},"end":{"line":89,"column":5}},"loc":{"start":{"line":89,"column":39},"end":{"line":98,"column":5}},"line":89},"7":{"name":"(anonymous_7)","decl":{"start":{"line":100,"column":4},"end":{"line":100,"column":5}},"loc":{"start":{"line":100,"column":44},"end":{"line":142,"column":5}},"line":100},"8":{"name":"(anonymous_8)","decl":{"start":{"line":101,"column":44},"end":{"line":101,"column":45}},"loc":{"start":{"line":101,"column":65},"end":{"line":141,"column":9}},"line":101},"9":{"name":"(anonymous_9)","decl":{"start":{"line":111,"column":28},"end":{"line":111,"column":29}},"loc":{"start":{"line":111,"column":34},"end":{"line":115,"column":13}},"line":111},"10":{"name":"(anonymous_10)","decl":{"start":{"line":117,"column":33},"end":{"line":117,"column":34}},"loc":{"start":{"line":117,"column":38},"end":{"line":124,"column":13}},"line":117},"11":{"name":"(anonymous_11)","decl":{"start":{"line":126,"column":31},"end":{"line":126,"column":32}},"loc":{"start":{"line":126,"column":36},"end":{"line":129,"column":13}},"line":126},"12":{"name":"(anonymous_12)","decl":{"start":{"line":131,"column":45},"end":{"line":131,"column":46}},"loc":{"start":{"line":131,"column":51},"end":{"line":134,"column":13}},"line":131},"13":{"name":"(anonymous_13)","decl":{"start":{"line":144,"column":4},"end":{"line":144,"column":5}},"loc":{"start":{"line":144,"column":70},"end":{"line":154,"column":5}},"line":144},"14":{"name":"(anonymous_14)","decl":{"start":{"line":156,"column":4},"end":{"line":156,"column":5}},"loc":{"start":{"line":156,"column":43},"end":{"line":160,"column":5}},"line":156},"15":{"name":"(anonymous_15)","decl":{"start":{"line":162,"column":4},"end":{"line":162,"column":5}},"loc":{"start":{"line":167,"column":28},"end":{"line":268,"column":5}},"line":167},"16":{"name":"(anonymous_16)","decl":{"start":{"line":179,"column":18},"end":{"line":179,"column":19}},"loc":{"start":{"line":179,"column":31},"end":{"line":181,"column":13}},"line":179},"17":{"name":"(anonymous_17)","decl":{"start":{"line":180,"column":31},"end":{"line":180,"column":32}},"loc":{"start":{"line":180,"column":37},"end":{"line":180,"column":56}},"line":180},"18":{"name":"(anonymous_18)","decl":{"start":{"line":182,"column":19},"end":{"line":182,"column":20}},"loc":{"start":{"line":182,"column":32},"end":{"line":184,"column":13}},"line":182},"19":{"name":"(anonymous_19)","decl":{"start":{"line":183,"column":31},"end":{"line":183,"column":32}},"loc":{"start":{"line":183,"column":37},"end":{"line":183,"column":57}},"line":183},"20":{"name":"(anonymous_20)","decl":{"start":{"line":185,"column":24},"end":{"line":185,"column":25}},"loc":{"start":{"line":185,"column":30},"end":{"line":185,"column":50}},"line":185},"21":{"name":"(anonymous_21)","decl":{"start":{"line":190,"column":27},"end":{"line":190,"column":28}},"loc":{"start":{"line":190,"column":39},"end":{"line":199,"column":9}},"line":190},"22":{"name":"(anonymous_22)","decl":{"start":{"line":201,"column":30},"end":{"line":201,"column":31}},"loc":{"start":{"line":201,"column":42},"end":{"line":210,"column":9}},"line":201},"23":{"name":"(anonymous_23)","decl":{"start":{"line":212,"column":27},"end":{"line":212,"column":28}},"loc":{"start":{"line":212,"column":39},"end":{"line":264,"column":9}},"line":212},"24":{"name":"(anonymous_24)","decl":{"start":{"line":248,"column":46},"end":{"line":248,"column":47}},"loc":{"start":{"line":248,"column":57},"end":{"line":248,"column":128}},"line":248}},"branchMap":{"0":{"loc":{"start":{"line":67,"column":12},"end":{"line":85,"column":13}},"type":"if","locations":[{"start":{"line":67,"column":12},"end":{"line":85,"column":13}},{"start":{"line":67,"column":12},"end":{"line":85,"column":13}}],"line":67},"1":{"loc":{"start":{"line":67,"column":16},"end":{"line":67,"column":67}},"type":"binary-expr","locations":[{"start":{"line":67,"column":16},"end":{"line":67,"column":24}},{"start":{"line":67,"column":28},"end":{"line":67,"column":67}}],"line":67},"2":{"loc":{"start":{"line":72,"column":16},"end":{"line":74,"column":17}},"type":"if","locations":[{"start":{"line":72,"column":16},"end":{"line":74,"column":17}},{"start":{"line":72,"column":16},"end":{"line":74,"column":17}}],"line":72},"3":{"loc":{"start":{"line":77,"column":20},"end":{"line":79,"column":21}},"type":"if","locations":[{"start":{"line":77,"column":20},"end":{"line":79,"column":21}},{"start":{"line":77,"column":20},"end":{"line":79,"column":21}}],"line":77},"4":{"loc":{"start":{"line":102,"column":12},"end":{"line":105,"column":13}},"type":"if","locations":[{"start":{"line":102,"column":12},"end":{"line":105,"column":13}},{"start":{"line":102,"column":12},"end":{"line":105,"column":13}}],"line":102},"5":{"loc":{"start":{"line":107,"column":12},"end":{"line":109,"column":13}},"type":"if","locations":[{"start":{"line":107,"column":12},"end":{"line":109,"column":13}},{"start":{"line":107,"column":12},"end":{"line":109,"column":13}}],"line":107},"6":{"loc":{"start":{"line":118,"column":16},"end":{"line":123,"column":17}},"type":"if","locations":[{"start":{"line":118,"column":16},"end":{"line":123,"column":17}},{"start":{"line":118,"column":16},"end":{"line":123,"column":17}}],"line":118},"7":{"loc":{"start":{"line":136,"column":12},"end":{"line":140,"column":13}},"type":"if","locations":[{"start":{"line":136,"column":12},"end":{"line":140,"column":13}},{"start":{"line":136,"column":12},"end":{"line":140,"column":13}}],"line":136},"8":{"loc":{"start":{"line":145,"column":8},"end":{"line":147,"column":9}},"type":"if","locations":[{"start":{"line":145,"column":8},"end":{"line":147,"column":9}},{"start":{"line":145,"column":8},"end":{"line":147,"column":9}}],"line":145},"9":{"loc":{"start":{"line":149,"column":8},"end":{"line":151,"column":9}},"type":"if","locations":[{"start":{"line":149,"column":8},"end":{"line":151,"column":9}},{"start":{"line":149,"column":8},"end":{"line":151,"column":9}}],"line":149},"10":{"loc":{"start":{"line":157,"column":8},"end":{"line":159,"column":9}},"type":"if","locations":[{"start":{"line":157,"column":8},"end":{"line":159,"column":9}},{"start":{"line":157,"column":8},"end":{"line":159,"column":9}}],"line":157},"11":{"loc":{"start":{"line":170,"column":8},"end":{"line":172,"column":9}},"type":"if","locations":[{"start":{"line":170,"column":8},"end":{"line":172,"column":9}},{"start":{"line":170,"column":8},"end":{"line":172,"column":9}}],"line":170},"12":{"loc":{"start":{"line":205,"column":20},"end":{"line":205,"column":69}},"type":"binary-expr","locations":[{"start":{"line":205,"column":20},"end":{"line":205,"column":38}},{"start":{"line":205,"column":42},"end":{"line":205,"column":69}}],"line":205},"13":{"loc":{"start":{"line":217,"column":24},"end":{"line":229,"column":25}},"type":"if","locations":[{"start":{"line":217,"column":24},"end":{"line":229,"column":25}},{"start":{"line":217,"column":24},"end":{"line":229,"column":25}}],"line":217},"14":{"loc":{"start":{"line":234,"column":24},"end":{"line":255,"column":25}},"type":"if","locations":[{"start":{"line":234,"column":24},"end":{"line":255,"column":25}},{"start":{"line":234,"column":24},"end":{"line":255,"column":25}}],"line":234},"15":{"loc":{"start":{"line":235,"column":28},"end":{"line":241,"column":29}},"type":"if","locations":[{"start":{"line":235,"column":28},"end":{"line":241,"column":29}},{"start":{"line":235,"column":28},"end":{"line":241,"column":29}}],"line":235},"16":{"loc":{"start":{"line":236,"column":32},"end":{"line":240,"column":33}},"type":"if","locations":[{"start":{"line":236,"column":32},"end":{"line":240,"column":33}},{"start":{"line":236,"column":32},"end":{"line":240,"column":33}}],"line":236},"17":{"loc":{"start":{"line":237,"column":36},"end":{"line":237,"column":76}},"type":"binary-expr","locations":[{"start":{"line":237,"column":36},"end":{"line":237,"column":53}},{"start":{"line":237,"column":57},"end":{"line":237,"column":76}}],"line":237},"18":{"loc":{"start":{"line":243,"column":28},"end":{"line":246,"column":29}},"type":"if","locations":[{"start":{"line":243,"column":28},"end":{"line":246,"column":29}},{"start":{"line":243,"column":28},"end":{"line":246,"column":29}}],"line":243},"19":{"loc":{"start":{"line":244,"column":32},"end":{"line":244,"column":72}},"type":"binary-expr","locations":[{"start":{"line":244,"column":32},"end":{"line":244,"column":49}},{"start":{"line":244,"column":53},"end":{"line":244,"column":72}}],"line":244},"20":{"loc":{"start":{"line":249,"column":28},"end":{"line":252,"column":29}},"type":"if","locations":[{"start":{"line":249,"column":28},"end":{"line":252,"column":29}},{"start":{"line":249,"column":28},"end":{"line":252,"column":29}}],"line":249}},"s":{"0":1,"1":2,"2":2,"3":2,"4":2,"5":2,"6":2,"7":2,"8":0,"9":2,"10":2,"11":0,"12":2,"13":0,"14":0,"15":2,"16":2,"17":2,"18":2,"19":5,"20":3,"21":2,"22":5,"23":5,"24":0,"25":0,"26":5,"27":0,"28":5,"29":5,"30":5,"31":5,"32":5,"33":3,"34":3,"35":3,"36":0,"37":5,"38":2,"39":2,"40":5,"41":0,"42":0,"43":5,"44":0,"45":0,"46":0,"47":3,"48":0,"49":3,"50":0,"51":3,"52":2,"53":2,"54":3,"55":1,"56":2,"57":2,"58":2,"59":2,"60":3,"61":3,"62":2,"63":2,"64":0,"65":2,"66":2,"67":2,"68":2,"69":7,"70":5,"71":2,"72":2,"73":2,"74":2,"75":5,"76":3,"77":2,"78":2,"79":2,"80":2,"81":2,"82":2,"83":2,"84":2,"85":2,"86":2,"87":2,"88":2,"89":2,"90":2,"91":2,"92":2,"93":2,"94":0,"95":0,"96":0,"97":0,"98":0,"99":0,"100":0,"101":0,"102":0,"103":2,"104":2,"105":2,"106":2,"107":2},"f":{"0":2,"1":2,"2":2,"3":2,"4":0,"5":2,"6":2,"7":5,"8":5,"9":5,"10":3,"11":2,"12":0,"13":3,"14":2,"15":3,"16":3,"17":3,"18":2,"19":2,"20":0,"21":2,"22":2,"23":2,"24":0},"b":{"0":[0,2],"1":[2,0],"2":[0,2],"3":[0,0],"4":[0,5],"5":[0,5],"6":[3,0],"7":[0,5],"8":[0,3],"9":[0,3],"10":[2,0],"11":[1,2],"12":[3,3],"13":[2,0],"14":[2,0],"15":[2,0],"16":[2,0],"17":[2,0],"18":[0,0],"19":[0,0],"20":[0,0]},"_coverageSchema":"1a1c01bbd47fc00a2c39e90264f33305004495a9","hash":"2ecc450d841f47edd065a5d8e4eefb8c30f888f1"}
}
