TN:
SF:react-native-robust-ws/index.ts
FN:40,(anonymous_0)
FN:59,(anonymous_1)
FN:65,(anonymous_2)
FN:66,(anonymous_3)
FN:76,(anonymous_4)
FN:81,(anonymous_5)
FN:89,(anonymous_6)
FN:100,(anonymous_7)
FN:101,(anonymous_8)
FN:111,(anonymous_9)
FN:117,(anonymous_10)
FN:126,(anonymous_11)
FN:131,(anonymous_12)
FN:144,(anonymous_13)
FN:156,(anonymous_14)
FN:162,(anonymous_15)
FN:179,(anonymous_16)
FN:180,(anonymous_17)
FN:182,(anonymous_18)
FN:183,(anonymous_19)
FN:185,(anonymous_20)
FN:190,(anonymous_21)
FN:201,(anonymous_22)
FN:212,(anonymous_23)
FN:248,(anonymous_24)
FNF:25
FNH:21
FNDA:2,(anonymous_0)
FNDA:2,(anonymous_1)
FNDA:2,(anonymous_2)
FNDA:2,(anonymous_3)
FNDA:0,(anonymous_4)
FNDA:2,(anonymous_5)
FNDA:2,(anonymous_6)
FNDA:5,(anonymous_7)
FNDA:5,(anonymous_8)
FNDA:5,(anonymous_9)
FNDA:3,(anonymous_10)
FNDA:2,(anonymous_11)
FNDA:0,(anonymous_12)
FNDA:3,(anonymous_13)
FNDA:2,(anonymous_14)
FNDA:3,(anonymous_15)
FNDA:3,(anonymous_16)
FNDA:3,(anonymous_17)
FNDA:2,(anonymous_18)
FNDA:2,(anonymous_19)
FNDA:0,(anonymous_20)
FNDA:2,(anonymous_21)
FNDA:2,(anonymous_22)
FNDA:2,(anonymous_23)
FNDA:0,(anonymous_24)
DA:16,1
DA:41,2
DA:42,2
DA:60,2
DA:61,2
DA:62,2
DA:66,2
DA:67,2
DA:68,0
DA:70,2
DA:72,2
DA:73,0
DA:76,2
DA:77,0
DA:78,0
DA:81,2
DA:82,2
DA:90,2
DA:91,2
DA:92,5
DA:93,3
DA:96,2
DA:101,5
DA:102,5
DA:103,0
DA:104,0
DA:107,5
DA:108,0
DA:111,5
DA:112,5
DA:113,5
DA:114,5
DA:117,5
DA:118,3
DA:119,3
DA:120,3
DA:122,0
DA:126,5
DA:127,2
DA:128,2
DA:131,5
DA:132,0
DA:133,0
DA:136,5
DA:137,0
DA:138,0
DA:139,0
DA:145,3
DA:146,0
DA:149,3
DA:150,0
DA:153,3
DA:157,2
DA:158,2
DA:170,3
DA:171,1
DA:174,2
DA:175,2
DA:176,2
DA:178,2
DA:180,3
DA:183,2
DA:185,0
DA:188,2
DA:190,2
DA:191,2
DA:192,2
DA:193,7
DA:194,5
DA:197,2
DA:201,2
DA:202,2
DA:203,2
DA:204,5
DA:205,3
DA:208,2
DA:212,2
DA:214,2
DA:215,2
DA:216,2
DA:217,2
DA:218,2
DA:219,2
DA:220,2
DA:222,2
DA:232,2
DA:234,2
DA:235,2
DA:236,2
DA:237,2
DA:238,2
DA:239,2
DA:243,0
DA:244,0
DA:245,0
DA:248,0
DA:249,0
DA:250,0
DA:251,0
DA:254,0
DA:257,2
DA:258,2
DA:262,2
DA:266,2
DA:267,2
LF:105
LH:81
BRDA:67,0,0,0
BRDA:67,0,1,2
BRDA:67,1,0,2
BRDA:67,1,1,0
BRDA:72,2,0,0
BRDA:72,2,1,2
BRDA:77,3,0,0
BRDA:77,3,1,0
BRDA:102,4,0,0
BRDA:102,4,1,5
BRDA:107,5,0,0
BRDA:107,5,1,5
BRDA:118,6,0,3
BRDA:118,6,1,0
BRDA:136,7,0,0
BRDA:136,7,1,5
BRDA:145,8,0,0
BRDA:145,8,1,3
BRDA:149,9,0,0
BRDA:149,9,1,3
BRDA:157,10,0,2
BRDA:157,10,1,0
BRDA:170,11,0,1
BRDA:170,11,1,2
BRDA:205,12,0,3
BRDA:205,12,1,3
BRDA:217,13,0,2
BRDA:217,13,1,0
BRDA:234,14,0,2
BRDA:234,14,1,0
BRDA:235,15,0,2
BRDA:235,15,1,0
BRDA:236,16,0,2
BRDA:236,16,1,0
BRDA:237,17,0,2
BRDA:237,17,1,0
BRDA:243,18,0,0
BRDA:243,18,1,0
BRDA:244,19,0,0
BRDA:244,19,1,0
BRDA:249,20,0,0
BRDA:249,20,1,0
BRF:42
BRH:19
end_of_record
